nohup: ignoring input
/home/x/epermiyt/scraper.py:244: DeprecationWarning: datetime.datetime.utcnow() is deprecated and scheduled for removal in a future version. Use timezone-aware objects to represent datetimes in UTC: datetime.datetime.now(datetime.UTC).
  scraped_at = datetime.utcnow().isoformat()
Found 230 permit links (will visit up to 200)
Scraped 2025-LMDEMO-0000319 (1)
Scraped 2025-LMDEMO-0000318 (2)
Scraped 2025-DEMO-0000658 (3)
Scraped 2025-DEMO-0000657 (4)
Scraped 2025-DEMO-0000656 (5)
Scraped 2025-DEMO-0000655 (6)
Scraped 2025-LMDEMO-0000316 (7)
Scraped 2025-DEMO-0000654 (8)
Scraped 2025-DEMO-0000653 (9)
Scraped 2025-LMDEMO-0000317 (10)
Scraped 2025-DEMO-0000652 (11)
Scraped 2025-DEMO-0000651 (12)
Scraped 2025-DEMO-0000650 (13)
Scraped 2025-DEMO-0000649 (14)
Error scraping item {'text': '2025-DEMO-0000648', 'href': '/DENVER/Cap/CapDetail.aspx?Module=Development&TabName=Development&capID1=25CAP&capID2=00000&capID3=04VVW&agencyCode=DENVER&IsToShowInspection='} Timeout 10000ms exceeded.
Scraped 2025-DEMO-0000647 (15)
Scraped 2025-DEMO-0000646 (16)
Scraped 2025-DEMO-0000645 (17)
Scraped 2025-LMDEMO-0000315 (18)
Scraped 2025-LMDEMO-0000314 (19)
Scraped 2025-DEMO-0000644 (20)
Scraped 2025-DEMO-0000643 (21)
Scraped 2025-DEMO-0000642 (22)
Scraped 2025-DEMO-0000641 (23)
Scraped 2025-DEMO-0000638 (24)
Scraped 2025-DEMO-0000639 (25)
Scraped 2025-DEMO-0000640 (26)
Scraped 2025-LMDEMO-0000313 (27)
Scraped 2025-DEMO-0000637 (28)
Scraped 2025-DEMO-0000636 (29)
Scraped 2025-DEMO-0000635 (30)
Scraped 2025-LMDEMO-0000310 (31)
Scraped 2025-LMDEMO-0000308 (32)
Scraped 2025-LMDEMO-0000309 (33)
Scraped 2025-LMDEMO-0000312 (34)
Scraped 2025-LMDEMO-0000307 (35)
Scraped 2025-LMDEMO-0000311 (36)
Scraped 2025-LMDEMO-0000306 (37)
Scraped 2025-DEMO-0000634 (38)
Scraped 2025-DEMO-0000633 (39)
Scraped 2025-DEMO-0000632 (40)
Scraped 2025-LMDEMO-0000305 (41)
Scraped 2025-DEMO-0000631 (42)
Scraped 2025-DEMO-0000630 (43)
Scraped 2025-DEMO-0000629 (44)
Scraped 2025-LMDEMO-0000304 (45)
Scraped 2025-LMDEMO-0000303 (46)
Scraped 2025-DEMO-0000628 (47)
Scraped 2025-DEMO-0000627 (48)
Scraped 2025-DEMO-0000623 (49)
Scraped 2025-DEMO-0000624 (50)
Scraped 2025-DEMO-0000625 (51)
Scraped 2025-DEMO-0000626 (52)
Scraped 2025-LMDEMO-0000302 (53)
Scraped 2025-DEMO-0000622 (54)
Scraped 2025-DEMO-0000621 (55)
Scraped 2025-DEMO-0000620 (56)
Scraped 2025-DEMO-0000619 (57)
Scraped 2025-DEMO-0000618 (58)
Scraped 2025-LMDEMO-0000300 (59)
Scraped 2025-LMDEMO-0000299 (60)
Scraped 2025-DEMO-0000617 (61)
Scraped 2025-LMDEMO-0000301 (62)
Scraped 2025-DEMO-0000616 (63)
Scraped 2025-DEMO-0000615 (64)
Scraped 2025-DEMO-0000614 (65)
Scraped 2025-DEMO-0000613 (66)
Scraped 2025-LMDEMO-0000297 (67)
Scraped 2025-LMDEMO-0000298 (68)
Scraped 2025-DEMO-0000612 (69)
Scraped 2025-DEMO-0000611 (70)
Scraped 2025-LMDEMO-0000295 (71)
Scraped 2025-LMDEMO-0000294 (72)
Scraped 2025-LMDEMO-0000296 (73)
Scraped 2025-LMDEMO-0000293 (74)
Scraped 2025-LMDEMO-0000292 (75)
Scraped 2025-DEMO-0000610 (76)
Scraped 2025-LMDEMO-0000291 (77)
Scraped 2025-LMDEMO-0000290 (78)
Scraped 2025-DEMO-0000609 (79)
Scraped 2025-DEMO-0000608 (80)
Scraped 2025-DEMO-0000607 (81)
Scraped 2025-DEMO-0000606 (82)
Scraped 2025-LMDEMO-0000287 (83)
Scraped 2025-LMDEMO-0000289 (84)
Scraped 2025-LMDEMO-0000288 (85)
Scraped 2025-DEMO-0000605 (86)
Scraped 2025-LMDEMO-0000286 (87)
Scraped 2025-DEMO-0000604 (88)
Scraped 2025-DEMO-0000603 (89)
Scraped 2025-DEMO-0000602 (90)
Scraped 2025-DEMO-0000601 (91)
Scraped 2025-LMDEMO-0000284 (92)
Scraped 2025-DEMO-0000600 (93)
Scraped 2025-DEMO-0000599 (94)
Scraped 2025-DEMO-0000598 (95)
Scraped 2025-DEMO-0000597 (96)
Scraped 2025-LMDEMO-0000285 (97)
Scraped 2025-DEMO-0000596 (98)
Scraped 2025-DEMO-0000595 (99)
Scraped 2025-DEMO-0000585 (100)
Scraped 2025-DEMO-0000584 (101)
Scraped 2025-DEMO-0000583 (102)
Scraped 2025-LMDEMO-0000281 (103)
Scraped 2025-DEMO-0000582 (104)
Scraped 2025-DEMO-0000581 (105)
Scraped 2025-DEMO-0000579 (106)
Scraped 2025-LMDEMO-0000280 (107)
Scraped 2025-DEMO-0000580 (108)
Scraped 2025-DEMO-0000578 (109)
Scraped 2025-DEMO-0000577 (110)
Scraped 2025-DEMO-0000576 (111)
Scraped 2025-DEMO-0000575 (112)
Scraped 2025-DEMO-0000574 (113)
Scraped 2025-DEMO-0000573 (114)
Scraped 2025-DEMO-0000572 (115)
Scraped 2025-LMDEMO-0000279 (116)
Scraped 2025-DEMO-0000571 (117)
Scraped 2025-DEMO-0000570 (118)
Scraped 2025-DEMO-0000569 (119)
Scraped 2025-DEMO-0000568 (120)
Scraped 2025-DEMO-0000567 (121)
Scraped 2025-DEMO-0000566 (122)
Scraped 2025-DEMO-0000565 (123)
Scraped 2025-LMDEMO-0000278 (124)
Scraped 2025-LMDEMO-0000277 (125)
Scraped 2025-LMDEMO-0000276 (126)
Scraped 2025-LMDEMO-0000275 (127)
Scraped 2025-LMDEMO-0000274 (128)
Scraped 2025-DEMO-0000564 (129)
Scraped 2025-LMDEMO-0000273 (130)
Scraped 2025-LMDEMO-0000272 (131)
Scraped 2025-LMDEMO-0000271 (132)
Scraped 2025-DEMO-0000563 (133)
Scraped 2025-LMDEMO-0000270 (134)
Scraped 2025-LMDEMO-0000269 (135)
Scraped 2025-DEMO-0000562 (136)
Scraped 2025-LMDEMO-0000268 (137)
Scraped 2025-LMDEMO-0000267 (138)
Scraped 2025-LMDEMO-0000266 (139)
Scraped 2025-DEMO-0000561 (140)
Scraped 2025-DEMO-0000560 (141)
Scraped 2025-DEMO-0000559 (142)
Scraped 2025-DEMO-0000552 (143)
Scraped 2025-DEMO-0000553 (144)
Scraped 2025-DEMO-0000554 (145)
Scraped 2025-DEMO-0000555 (146)
Scraped 2025-DEMO-0000556 (147)
Scraped 2025-DEMO-0000557 (148)
Scraped 2025-DEMO-0000558 (149)
Scraped 2025-LMDEMO-0000265 (150)
Scraped 2025-LMDEMO-0000264 (151)
Scraped 2025-DEMO-0000551 (152)
Scraped 2025-DEMO-0000550 (153)
Scraped 2025-DEMO-0000549 (154)
Scraped 2025-DEMO-0000548 (155)
Scraped 2025-DEMO-0000547 (156)
Scraped 2025-DEMO-0000546 (157)
Scraped 2025-DEMO-0000545 (158)
Scraped 2025-DEMO-0000544 (159)
Scraped 2025-DEMO-0000538 (160)
Scraped 2025-DEMO-0000539 (161)
Scraped 2025-DEMO-0000540 (162)
Scraped 2025-DEMO-0000541 (163)
Scraped 2025-DEMO-0000542 (164)
Scraped 2025-DEMO-0000543 (165)
Scraped 2025-LMDEMO-0000262 (166)
Scraped 2025-LMDEMO-0000263 (167)
Scraped 2025-LMDEMO-0000261 (168)
Scraped 2025-DEMO-0000537 (169)
Scraped 2025-LMDEMO-0000260 (170)
Scraped 2025-DEMO-0000536 (171)
Scraped 2025-DEMO-0000535 (172)
Scraped 2025-DEMO-0000534 (173)
Scraped 2025-DEMO-0000533 (174)
Scraped 2025-LMDEMO-0000259 (175)
Scraped 2025-LMDEMO-0000258 (176)
Scraped 2025-LMDEMO-0000257 (177)
Scraped 2025-LMDEMO-0000256 (178)
Scraped 2025-LMDEMO-0000255 (179)
Scraped 2025-DEMO-0000532 (180)
Scraped 2025-DEMO-0000531 (181)
Scraped 2025-DEMO-0000530 (182)
Scraped 2025-LMDEMO-0000254 (183)
Scraped 2025-DEMO-0000529 (184)
Scraped 2025-DEMO-0000523 (185)
Scraped 2025-DEMO-0000524 (186)
Scraped 2025-DEMO-0000525 (187)
Scraped 2025-DEMO-0000526 (188)
Scraped 2025-DEMO-0000527 (189)
Scraped 2025-DEMO-0000518 (190)
Scraped 2025-DEMO-0000517 (191)
Scraped 2025-DEMO-0000516 (192)
Scraped 2025-LMDEMO-0000241 (193)
Scraped 2025-LMDEMO-0000242 (194)
Scraped 2025-LMDEMO-0000243 (195)
Scraped 2025-LMDEMO-0000244 (196)
Scraped 2025-LMDEMO-0000245 (197)
Scraped 2025-LMDEMO-0000246 (198)
Scraped 2025-LMDEMO-0000247 (199)
Scraped 2025-LMDEMO-0000248 (200)
